C:\Users\misha\Desktop\Задания\!!!!16. Компьютерная графика\Задание 1.dwg,Модель,13.06.2020 20:53:04,mihail,DWG To PDF.pc3,ISO A3 (420.00 x 297.00 мм),1:1.12928,
C:\Users\misha\Desktop\граф\Titul.dwg,Модель,13.06.2020 21:05:35,mihail,DWG To PDF.pc3,ISO A3 (420.00 x 297.00 мм),1:1.12928,
C:\Users\misha\Desktop\граф\Titul.dwg,Модель,13.06.2020 21:06:27,mihail,DWG To PDF.pc3,ISO A3 (420.00 x 297.00 мм),1:1.12928,
C:\Users\misha\Desktop\Задания\!!!!16. Компьютерная графика\new template.dwg,Модель,13.06.2020 22:08:47,mihail,DWG To PDF.pc3,ISO A3 (420.00 x 297.00 мм),1:1.12928,
C:\Users\misha\Desktop\Задания\!!!!16. Компьютерная графика\new template.dwg,Модель,13.06.2020 22:15:14,mihail,DWG To PDF.pc3,ISO A3 (420.00 x 297.00 мм),1:1.12928,
C:\Users\misha\Desktop\Задания\!!!!16. Компьютерная графика\Задание 1.dwg,Модель,13.06.2020 22:30:50,mihail,DWG To PDF.pc3,ISO A3 (420.00 x 297.00 мм),1:1.12928,
C:\Users\misha\Desktop\Задания\!!!!16. Компьютерная графика\Задание 1.dwg,Модель,13.06.2020 22:32:06,mihail,DWG To PDF.pc3,ISO A3 (420.00 x 297.00 мм),1:1.12928,
C:\Users\misha\Desktop\Задания\!!!!16. Компьютерная графика\new template.dwg,Модель,13.06.2020 22:41:54,mihail,DWG To PDF.pc3,ISO A3 (420.00 x 297.00 мм),1:1.12928,
C:\Users\misha\Desktop\Задания\!!!!16. Компьютерная графика\new template.dwg,Модель,13.06.2020 22:51:27,mihail,DWG To PDF.pc3,ISO A3 (420.00 x 297.00 мм),1:1.12928,
C:\Users\misha\Desktop\Задания\!!!!16. Компьютерная графика\new template.dwg,Модель,13.06.2020 22:55:29,mihail,DWG To PDF.pc3,ISO A3 (420.00 x 297.00 мм),1:1.12928,
C:\Users\misha\Desktop\Задания\!!!!16. Компьютерная графика\new template.dwg,Модель,13.06.2020 23:07:40,mihail,DWG To PDF.pc3,ISO A3 (420.00 x 297.00 мм),1:1.12928,
C:\Users\misha\Desktop\Задания\!!!!16. Компьютерная графика\new template.dwg,Модель,13.06.2020 23:11:40,mihail,DWG To PDF.pc3,ISO A3 (420.00 x 297.00 мм),1:1.12928,
C:\Users\misha\Desktop\Задания\!!!!16. Компьютерная графика\new template.dwg,Модель,13.06.2020 23:14:11,mihail,DWG To PDF.pc3,ISO A3 (420.00 x 297.00 мм),1:1.12928,
C:\Users\misha\Desktop\Задания\!!!!16. Компьютерная графика\new template.dwg,Модель,19.06.2020 17:14:31,mihail,DWG To PDF.pc3,ISO A3 (420.00 x 297.00 мм),1:1.12928,
C:\Users\misha\Desktop\Задания\!!!!16. Компьютерная графика\Задание 4 all V2.dwg,Модель,19.06.2020 17:17:27,mihail,DWG To PDF.pc3,ISO A3 (420.00 x 297.00 мм),1:0.783549,
C:\Users\misha\Desktop\Задания\!!!!16. Компьютерная графика\new template.dwg,Модель,19.06.2020 17:19:17,mihail,DWG To PDF.pc3,ISO A3 (420.00 x 297.00 мм),1:1.12928,
C:\Users\misha\Desktop\Задания\!!!!16. Компьютерная графика\Задание 4 корпус V2.dwg,Модель,19.06.2020 17:24:04,mihail,DWG To PDF.pc3,ISO A3 (420.00 x 297.00 мм),1:0.54748,
C:\Users\misha\Desktop\Задания\!!!!16. Компьютерная графика\Чертеж1.dwg,Модель,19.06.2020 17:25:34,mihail,DWG To PDF.pc3,ISO A3 (420.00 x 297.00 мм),1:0.552318,
C:\Users\misha\Desktop\Задания\!!!!16. Компьютерная графика\new template.dwg,Модель,19.06.2020 17:33:31,mihail,DWG To PDF.pc3,ISO A3 (420.00 x 297.00 мм),1:1.12928,
C:\Users\misha\Desktop\Задания\!!!!16. Компьютерная графика\new template.dwg,Модель,19.06.2020 17:36:45,mihail,DWG To PDF.pc3,ISO A3 (420.00 x 297.00 мм),1:1.12928,
C:\Users\misha\Desktop\Задания\!!!!16. Компьютерная графика\Задание 1.dwg,Модель,19.06.2020 17:58:46,mihail,DWG To PDF.pc3,ISO A3 (420.00 x 297.00 мм),1:1.12928,
C:\Users\misha\Desktop\Задания\!!!!16. Компьютерная графика\Задание 1.dwg,Модель,19.06.2020 17:59:40,mihail,DWG To PDF.pc3,ISO A3 (420.00 x 297.00 мм),1:1.12928,
